[ 2024-10-27 17:31:50,509 ] 1038 httpx - INFO - HTTP Request: GET https://dagshub.com/api/v1/user "HTTP/1.1 200 OK"
[ 2024-10-27 17:31:50,511 ] 107 dagshub - INFO - Accessing as vedugpt77
[ 2024-10-27 17:31:50,771 ] 1038 httpx - INFO - HTTP Request: GET https://dagshub.com/api/v1/repos/vedugpt77/NetworkSecurity "HTTP/1.1 200 OK"
[ 2024-10-27 17:31:50,772 ] 107 dagshub - INFO - Initialized MLflow to track repo "vedugpt77/NetworkSecurity"
[ 2024-10-27 17:31:50,772 ] 107 dagshub - INFO - Repository vedugpt77/NetworkSecurity initialized!
[ 2024-10-27 17:32:19,517 ] 37 root - INFO - Initiating Data Ingestion
[ 2024-10-27 17:32:20,698 ] 63 root - INFO - Data split into train and test
[ 2024-10-27 17:32:20,699 ] 65 root - INFO - Exiting split_data_into_train_test of DataIngestion class
[ 2024-10-27 17:32:20,699 ] 69 root - INFO - Created directory for training data
[ 2024-10-27 17:32:20,728 ] 73 root - INFO - Data saved into training and testing files
[ 2024-10-27 17:32:20,728 ] 40 root - INFO - Completed Data Ingestion and Artifact: DataIngestionArtifact(trained_file_path='Artifacts/10_27_2024_17_31_49/data_ingestion/ingested/train.csv', test_file_path='Artifacts/10_27_2024_17_31_49/data_ingestion/ingested/test.csv')
[ 2024-10-27 17:32:20,731 ] 50 root - INFO - Initiating Data Validation
[ 2024-10-27 17:32:20,740 ] 31 root - INFO - Number of columns in schema: 2
[ 2024-10-27 17:32:20,740 ] 32 root - INFO - Number of columns in dataframe: 31
[ 2024-10-27 17:32:20,740 ] 31 root - INFO - Number of columns in schema: 2
[ 2024-10-27 17:32:20,740 ] 32 root - INFO - Number of columns in dataframe: 31
[ 2024-10-27 17:32:20,818 ] 52 root - INFO - Completed Data Validation and Artifact: DataValidationArtifact(validation_status=None, valid_train_file_path='Artifacts/10_27_2024_17_31_49/data_validation/valid/train.csv', valid_test_file_path='Artifacts/10_27_2024_17_31_49/data_validation/valid/test.csv', invalid_train_file_path=None, invalid_test_file_path=None, drift_report_file_path='Artifacts/10_27_2024_17_31_49/data_validation/drift_report/report.yaml')
[ 2024-10-27 17:32:20,818 ] 62 root - INFO - Initiating Data Transformation
[ 2024-10-27 17:32:20,818 ] 53 root - INFO - Entered the initiate_data_transformation method of DataTransformation class
[ 2024-10-27 17:32:20,818 ] 55 root - INFO - Initiating Data Transformation
[ 2024-10-27 17:32:20,827 ] 43 root - INFO - Entered the get_transformed_data_object method of DataTransformation class
[ 2024-10-27 17:32:20,830 ] 46 root - INFO - Entered the save_object method of MainUtils class
[ 2024-10-27 17:32:20,832 ] 50 root - INFO - Exited the save_object method of MainUtils class
[ 2024-10-27 17:32:20,832 ] 46 root - INFO - Entered the save_object method of MainUtils class
[ 2024-10-27 17:32:20,833 ] 50 root - INFO - Exited the save_object method of MainUtils class
[ 2024-10-27 17:32:20,833 ] 64 root - INFO - Completed Data Transformation and Artifact: DataTransformationArtifact(transformed_object_file_path='Artifacts/10_27_2024_17_31_49/data_transformation/transformation_object/preprocessor.pkl', transformed_train_file_path='Artifacts/10_27_2024_17_31_49/data_transformation/transformed_data/train.npy', transformed_test_file_path='Artifacts/10_27_2024_17_31_49/data_transformation/transformed_data/test.npy')
[ 2024-10-27 17:32:20,833 ] 74 root - INFO - Initiating Model Training
[ 2024-10-27 17:39:31,454 ] 46 root - INFO - Entered the save_object method of MainUtils class
[ 2024-10-27 17:39:31,458 ] 50 root - INFO - Exited the save_object method of MainUtils class
[ 2024-10-27 17:39:31,458 ] 46 root - INFO - Entered the save_object method of MainUtils class
[ 2024-10-27 17:39:31,462 ] 50 root - INFO - Exited the save_object method of MainUtils class
[ 2024-10-27 17:39:31,462 ] 120 root - INFO - Model Trainer Artifact: ModelTrainerArtifact(trained_model_file_path='Artifacts/10_27_2024_17_31_49/model_trainer/trained_model/model.pkl', train_metric_artifact=ClassificationMetricArtifact(f1_score=np.float64(0.9914582062233069), precision_score=np.float64(0.9884428223844283), recall_score=np.float64(0.9944920440636474)), test_metric_artifact=ClassificationMetricArtifact(f1_score=np.float64(0.9699367088607594), precision_score=np.float64(0.9630793401413983), recall_score=np.float64(0.9768924302788845)))
[ 2024-10-27 17:39:31,463 ] 76 root - INFO - Completed Model Training and Artifact: ModelTrainerArtifact(trained_model_file_path='Artifacts/10_27_2024_17_31_49/model_trainer/trained_model/model.pkl', train_metric_artifact=ClassificationMetricArtifact(f1_score=np.float64(0.9914582062233069), precision_score=np.float64(0.9884428223844283), recall_score=np.float64(0.9944920440636474)), test_metric_artifact=ClassificationMetricArtifact(f1_score=np.float64(0.9699367088607594), precision_score=np.float64(0.9630793401413983), recall_score=np.float64(0.9768924302788845)))
[ 2024-10-27 17:39:31,463 ] 104 root - INFO - Training Pipeline completed
[ 2024-10-27 17:39:32,453 ] 107 root - INFO - Artifacts synced to S3
